0 info it worked if it ends with ok
1 verbose cli [ 'C:\\Program Files\\nodejs\\node.exe',
1 verbose cli   'C:\\Program Files\\nodejs\\node_modules\\npm\\bin\\npm-cli.js',
1 verbose cli   'install',
1 verbose cli   'csv' ]
2 info using npm@1.2.14
3 info using node@v0.8.22
4 verbose read json D:\drupalonsteroids\package.json
5 verbose read json D:\drupalonsteroids\package.json
6 verbose cache add [ 'csv', null ]
7 verbose cache add name=undefined spec="csv" args=["csv",null]
8 verbose parsed url { pathname: 'csv', path: 'csv', href: 'csv' }
9 silly lockFile 6cc98174-csv csv
10 verbose lock csv C:\Users\Ramesh\AppData\Roaming\npm-cache\6cc98174-csv.lock
11 silly lockFile 6cc98174-csv csv
12 silly lockFile 6cc98174-csv csv
13 verbose addNamed [ 'csv', '' ]
14 verbose addNamed [ null, '' ]
15 silly lockFile 34c7fd74-csv csv@
16 verbose lock csv@ C:\Users\Ramesh\AppData\Roaming\npm-cache\34c7fd74-csv.lock
17 silly addNameRange { name: 'csv', range: '', hasData: false }
18 verbose url raw csv
19 verbose url resolving [ 'https://registry.npmjs.org/', './csv' ]
20 verbose url resolved https://registry.npmjs.org/csv
21 info trying registry request attempt 1 at 15:41:57
22 verbose etag "582fc552-f0a0"
23 http GET https://registry.npmjs.org/csv
24 http 304 https://registry.npmjs.org/csv
25 silly registry.get cb [ 304,
25 silly registry.get   { date: 'Wed, 23 Nov 2016 10:12:00 GMT',
25 silly registry.get     via: '1.1 varnish',
25 silly registry.get     'cache-control': 'max-age=300',
25 silly registry.get     etag: '"582fc552-f0a0"',
25 silly registry.get     age: '0',
25 silly registry.get     connection: 'keep-alive',
25 silly registry.get     'x-served-by': 'cache-sin6920-SIN',
25 silly registry.get     'x-cache': 'MISS',
25 silly registry.get     'x-cache-hits': '0',
25 silly registry.get     'x-timer': 'S1479895920.898681,VS0,VE295',
25 silly registry.get     vary: 'Accept-Encoding' } ]
26 verbose etag csv from cache
27 silly addNameRange number 2 { name: 'csv', range: '', hasData: true }
28 silly addNameRange versions [ 'csv',
28 silly addNameRange   [ '0.0.1',
28 silly addNameRange     '0.0.2',
28 silly addNameRange     '0.0.3',
28 silly addNameRange     '0.0.5',
28 silly addNameRange     '0.0.6',
28 silly addNameRange     '0.0.7',
28 silly addNameRange     '0.0.9',
28 silly addNameRange     '0.0.10',
28 silly addNameRange     '0.0.11',
28 silly addNameRange     '0.0.12',
28 silly addNameRange     '0.0.13',
28 silly addNameRange     '0.0.14',
28 silly addNameRange     '0.0.15',
28 silly addNameRange     '0.0.16',
28 silly addNameRange     '0.0.17',
28 silly addNameRange     '0.0.18',
28 silly addNameRange     '0.0.19',
28 silly addNameRange     '0.2.0',
28 silly addNameRange     '0.2.1',
28 silly addNameRange     '0.2.2',
28 silly addNameRange     '0.2.3',
28 silly addNameRange     '0.1.0',
28 silly addNameRange     '0.2.4',
28 silly addNameRange     '0.2.6',
28 silly addNameRange     '0.2.7',
28 silly addNameRange     '0.2.8',
28 silly addNameRange     '0.2.9',
28 silly addNameRange     '0.3.0',
28 silly addNameRange     '0.3.2',
28 silly addNameRange     '0.3.3',
28 silly addNameRange     '0.3.4',
28 silly addNameRange     '0.3.5',
28 silly addNameRange     '0.3.6',
28 silly addNameRange     '0.3.7',
28 silly addNameRange     '0.4.0',
28 silly addNameRange     '0.4.1',
28 silly addNameRange     '0.4.2',
28 silly addNameRange     '0.4.4',
28 silly addNameRange     '0.4.5',
28 silly addNameRange     '0.4.6',
28 silly addNameRange     '1.1.0' ] ]
29 verbose addNamed [ 'csv', '1.1.0' ]
30 verbose addNamed [ '1.1.0', '1.1.0' ]
31 silly lockFile 3eaba38e-csv-1-1-0 csv@1.1.0
32 verbose lock csv@1.1.0 C:\Users\Ramesh\AppData\Roaming\npm-cache\3eaba38e-csv-1-1-0.lock
33 verbose read json C:\Users\Ramesh\AppData\Roaming\npm-cache\csv\1.1.0\package\package.json
34 silly lockFile 3eaba38e-csv-1-1-0 csv@1.1.0
35 silly lockFile 3eaba38e-csv-1-1-0 csv@1.1.0
36 silly lockFile 34c7fd74-csv csv@
37 silly lockFile 34c7fd74-csv csv@
38 silly resolved [ { name: 'csv',
38 silly resolved     version: '1.1.0',
38 silly resolved     description: 'CSV parser with simple api, full of options and tested against large datasets.',
38 silly resolved     keywords:
38 silly resolved      [ 'node',
38 silly resolved        'csv',
38 silly resolved        'tsv',
38 silly resolved        'parser',
38 silly resolved        'parse',
38 silly resolved        'stringifier',
38 silly resolved        'stringify' ],
38 silly resolved     homepage: 'http://www.adaltas.com/projects/node-csv/',
38 silly resolved     bugs: 'https://github.com/wdavidw/node-csv/issues',
38 silly resolved     author:
38 silly resolved      { name: 'David Worms',
38 silly resolved        email: 'david@adaltas.com',
38 silly resolved        url: 'http://www.adaltas.com' },
38 silly resolved     contributors: [ [Object] ],
38 silly resolved     license: 'BSD-3-Clause',
38 silly resolved     engines: { node: '>= 0.1.90' },
38 silly resolved     main: './lib',
38 silly resolved     repository: { type: 'git', url: 'https://github.com/wdavidw/node-csv.git' },
38 silly resolved     dependencies:
38 silly resolved      { 'csv-generate': '^1.0.0',
38 silly resolved        'csv-parse': '^1.1.0',
38 silly resolved        'stream-transform': '^0.1.0',
38 silly resolved        'csv-stringify': '^1.0.0' },
38 silly resolved     devDependencies: {},
38 silly resolved     optionalDependencies: {},
38 silly resolved     scripts: {},
38 silly resolved     readme: '\n<pre>\n     _   _           _        _____  _______      __\n    | \\ | |         | |      / ____|/ ____\\ \\    / /\n    |  \\| | ___   __| | ___ | |    | (___  \\ \\  / /\n    | . ` |/ _ \\ / _` |/ _ \\| |     \\___ \\  \\ \\/ /\n    | |\\  | (_) | (_| |  __/| |____ ____) |  \\  /\n    |_| \\_|\\___/ \\__,_|\\___| \\_____|_____/    \\/     New BSD License\n\n</pre>\n\nThis project provides CSV generation, parsing, transformation and serialization\nfor Node.js.\n\nIt has been tested and used by a large community over the years and should be\nconsidered reliable. It provides every option you would expect from an advanced\nCSV parser and stringifier.\n\n[![NPM](https://nodei.co/npm/csv.png?stars&downloads)](https://nodei.co/npm/csv/) [![NPM](https://nodei.co/npm-dl/csv.png)](https://nodei.co/npm/csv/)\n\nThe `csv` package is itself split into 4 packages:\n\n*   [`csv-generate`](https://github.com/wdavidw/node-csv-generate),\n    a flexible generator of CSV string and Javascript objects. \n    [![Build Status](https://secure.travis-ci.org/wdavidw/node-csv-generate.svg?branch=master)][travis-csv-generate]\n*   [`csv-parse`](https://github.com/wdavidw/node-csv-parse),\n    a parser converting CSV text into arrays or objects. \n    [![Build Status](https://secure.travis-ci.org/wdavidw/node-csv-parse.svg?branch=master)][travis-csv-parse]\n*   [`stream-transform`](https://github.com/wdavidw/node-stream-transform),\n    a transformation framework.\n    [![Build Status](https://secure.travis-ci.org/wdavidw/node-stream-transform.svg?branch=master)][travis-stream-transform]\n*   [`csv-stringify`](https://github.com/wdavidw/node-csv-stringify), \n    a stringifier converting records into a CSV text. \n    [![Build Status](https://secure.travis-ci.org/wdavidw/node-csv-stringify.svg?branch=master)][travis-csv-stringify]\n\n## Documentation\n\nThe full documentation for the current version 0.4 is available [here][new_doc] while the\nprevious documentation is still available [here][old_doc].\n\n## Usage\n\nInstallation command is `npm install csv`.\n\nEach package is fully compatible with the stream 2 and 3 specifications.\nAlso, a simple callback-based API is always provided for convenience.\n\n### Callback example\n\nExecute this script with the command `node samples/callback.js`.\n\n```javascript\nvar csv = require(\'csv\');\n\ncsv.generate({seed: 1, columns: 2, length: 20}, function(err, data){\n  csv.parse(data, function(err, data){\n    csv.transform(data, function(data){\n      return data.map(function(value){return value.toUpperCase()});\n    }, function(err, data){\n      csv.stringify(data, function(err, data){\n        process.stdout.write(data);\n      });\n    });\n  });\n});\n```\n\n### Stream example\n\nExecute this script with the command `node samples/stream.js`.\n\n```javascript\nvar csv = require(\'csv\');\n\nvar generator = csv.generate({seed: 1, columns: 2, length: 20});\nvar parser = csv.parse();\nvar transformer = csv.transform(function(data){\n  return data.map(function(value){return value.toUpperCase()});\n});\nvar stringifier = csv.stringify();\n\ngenerator.on(\'readable\', function(){\n  while(data = generator.read()){\n    parser.write(data);\n  }\n});\n\nparser.on(\'readable\', function(){\n  while(data = parser.read()){\n    transformer.write(data);\n  }\n});\n\ntransformer.on(\'readable\', function(){\n  while(data = transformer.read()){\n    stringifier.write(data);\n  }\n});\n\nstringifier.on(\'readable\', function(){\n  while(data = stringifier.read()){\n    process.stdout.write(data);\n  }\n});\n```\n\n### Pipe example\n\nExecute this script with the command `node samples/pipe.js`.\n\n```javascript\nvar csv = require(\'csv\');\n\ncsv.generate({seed: 1, columns: 2, length: 20})\n  .pipe(csv.parse())\n  .pipe(csv.transform(function(record){\n     return record.map(function(value){\n       return value.toUpperCase()\n     });\n  }))\n  .pipe(csv.stringify ())\n  .pipe(process.stdout);\n```\n\nDevelopment\n-----------\n\nThis parent project doesn\'t have tests itself but instead delegates the\ntests to its child projects.\n\nRead the documentation of the child projects for additional information.\n\nRelated projects\n----------------\n\n*   Pavel Kolesnikov "ya-csv": <http://github.com/koles/ya-csv>\n*   Chris Williams "node-csv": <http://github.com/voodootikigod/node-csv>\n\n[travis]: https://travis-ci.org/\n[travis-csv-generate]: http://travis-ci.org/wdavidw/node-csv-generate\n[travis-csv-parse]: http://travis-ci.org/wdavidw/node-csv-parse\n[travis-stream-transform]: http://travis-ci.org/wdavidw/node-stream-transform\n[travis-csv-stringify]: http://travis-ci.org/wdavidw/node-csv-stringify\n[new_doc]: http://csv.adaltas.com\n[old_doc]: http://csv.adaltas.com/legacy/\n',
38 silly resolved     readmeFilename: 'README.md',
38 silly resolved     _id: 'csv@1.1.0',
38 silly resolved     _from: 'csv@' } ]
39 info install csv@1.1.0 into D:\drupalonsteroids
40 info installOne csv@1.1.0
41 verbose from cache C:\Users\Ramesh\AppData\Roaming\npm-cache\csv\1.1.0\package\package.json
42 info D:\drupalonsteroids\node_modules\csv unbuild
43 verbose read json D:\drupalonsteroids\node_modules\csv\package.json
44 verbose tar unpack C:\Users\Ramesh\AppData\Roaming\npm-cache\csv\1.1.0\package.tgz
45 silly lockFile 8db59fab-rupalonsteroids-node-modules-csv D:\drupalonsteroids\node_modules\csv
46 verbose lock D:\drupalonsteroids\node_modules\csv C:\Users\Ramesh\AppData\Roaming\npm-cache\8db59fab-rupalonsteroids-node-modules-csv.lock
47 silly lockFile 36cd6fdc--npm-cache-csv-1-1-0-package-tgz C:\Users\Ramesh\AppData\Roaming\npm-cache\csv\1.1.0\package.tgz
48 verbose lock C:\Users\Ramesh\AppData\Roaming\npm-cache\csv\1.1.0\package.tgz C:\Users\Ramesh\AppData\Roaming\npm-cache\36cd6fdc--npm-cache-csv-1-1-0-package-tgz.lock
49 silly gunzTarPerm modes [ '755', '644' ]
50 silly gunzTarPerm extractEntry package.json
51 silly gunzTarPerm modified mode [ 'package.json', 438, 420 ]
52 silly gunzTarPerm extractEntry README.md
53 silly gunzTarPerm modified mode [ 'README.md', 438, 420 ]
54 silly gunzTarPerm extractEntry LICENSE
55 silly gunzTarPerm modified mode [ 'LICENSE', 438, 420 ]
56 silly gunzTarPerm extractEntry .travis.yml
57 silly gunzTarPerm modified mode [ '.travis.yml', 438, 420 ]
58 silly gunzTarPerm extractEntry doc/changes.md
59 silly gunzTarPerm modified mode [ 'doc/changes.md', 438, 420 ]
60 silly gunzTarPerm extractEntry doc/columns.md
61 silly gunzTarPerm modified mode [ 'doc/columns.md', 438, 420 ]
62 silly gunzTarPerm extractEntry doc/coverage.html
63 silly gunzTarPerm modified mode [ 'doc/coverage.html', 438, 420 ]
64 silly gunzTarPerm extractEntry doc/from.md
65 silly gunzTarPerm modified mode [ 'doc/from.md', 438, 420 ]
66 silly gunzTarPerm extractEntry doc/index.md
67 silly gunzTarPerm modified mode [ 'doc/index.md', 438, 420 ]
68 silly gunzTarPerm extractEntry doc/parser.md
69 silly gunzTarPerm modified mode [ 'doc/parser.md', 438, 420 ]
70 silly gunzTarPerm extractEntry doc/stringifier.md
71 silly gunzTarPerm modified mode [ 'doc/stringifier.md', 438, 420 ]
72 silly gunzTarPerm extractEntry doc/to.md
73 silly gunzTarPerm modified mode [ 'doc/to.md', 438, 420 ]
74 silly gunzTarPerm extractEntry doc/transformer.md
75 silly gunzTarPerm modified mode [ 'doc/transformer.md', 438, 420 ]
76 silly gunzTarPerm extractEntry lib/index.js
77 silly gunzTarPerm modified mode [ 'lib/index.js', 438, 420 ]
78 silly gunzTarPerm extractEntry Makefile
79 silly gunzTarPerm modified mode [ 'Makefile', 438, 420 ]
80 silly gunzTarPerm extractEntry samples/callback.js
81 silly gunzTarPerm modified mode [ 'samples/callback.js', 438, 420 ]
82 silly gunzTarPerm extractEntry samples/pipe.js
83 silly gunzTarPerm modified mode [ 'samples/pipe.js', 438, 420 ]
84 silly gunzTarPerm extractEntry samples/stream.js
85 silly gunzTarPerm modified mode [ 'samples/stream.js', 438, 420 ]
86 silly gunzTarPerm extractEntry src/index.coffee.md
87 silly gunzTarPerm modified mode [ 'src/index.coffee.md', 438, 420 ]
88 verbose read json D:\drupalonsteroids\node_modules\csv\package.json
89 silly lockFile 8db59fab-rupalonsteroids-node-modules-csv D:\drupalonsteroids\node_modules\csv
90 silly lockFile 8db59fab-rupalonsteroids-node-modules-csv D:\drupalonsteroids\node_modules\csv
91 silly lockFile 36cd6fdc--npm-cache-csv-1-1-0-package-tgz C:\Users\Ramesh\AppData\Roaming\npm-cache\csv\1.1.0\package.tgz
92 silly lockFile 36cd6fdc--npm-cache-csv-1-1-0-package-tgz C:\Users\Ramesh\AppData\Roaming\npm-cache\csv\1.1.0\package.tgz
93 info preinstall csv@1.1.0
94 verbose from cache D:\drupalonsteroids\node_modules\csv\package.json
95 verbose readDependencies using package.json deps
96 verbose from cache D:\drupalonsteroids\node_modules\csv\package.json
97 verbose readDependencies using package.json deps
98 verbose cache add [ 'csv-generate@^1.0.0', null ]
99 verbose cache add name=undefined spec="csv-generate@^1.0.0" args=["csv-generate@^1.0.0",null]
100 verbose parsed url { pathname: 'csv-generate@^1.0.0',
100 verbose parsed url   path: 'csv-generate@^1.0.0',
100 verbose parsed url   href: 'csv-generate@^1.0.0' }
101 verbose cache add name="csv-generate" spec="^1.0.0" args=["csv-generate","^1.0.0"]
102 verbose parsed url { pathname: '^1.0.0', path: '^1.0.0', href: '^1.0.0' }
103 verbose addNamed [ 'csv-generate', '^1.0.0' ]
104 verbose addNamed [ null, null ]
105 silly lockFile 2ce8062f-csv-generate-1-0-0 csv-generate@^1.0.0
106 verbose lock csv-generate@^1.0.0 C:\Users\Ramesh\AppData\Roaming\npm-cache\2ce8062f-csv-generate-1-0-0.lock
107 verbose cache add [ 'csv-parse@^1.1.0', null ]
108 verbose cache add name=undefined spec="csv-parse@^1.1.0" args=["csv-parse@^1.1.0",null]
109 verbose parsed url { pathname: 'csv-parse@^1.1.0',
109 verbose parsed url   path: 'csv-parse@^1.1.0',
109 verbose parsed url   href: 'csv-parse@^1.1.0' }
110 verbose cache add name="csv-parse" spec="^1.1.0" args=["csv-parse","^1.1.0"]
111 verbose parsed url { pathname: '^1.1.0', path: '^1.1.0', href: '^1.1.0' }
112 verbose addNamed [ 'csv-parse', '^1.1.0' ]
113 verbose addNamed [ null, null ]
114 silly lockFile 103141e9-csv-parse-1-1-0 csv-parse@^1.1.0
115 verbose lock csv-parse@^1.1.0 C:\Users\Ramesh\AppData\Roaming\npm-cache\103141e9-csv-parse-1-1-0.lock
116 verbose cache add [ 'stream-transform@^0.1.0', null ]
117 verbose cache add name=undefined spec="stream-transform@^0.1.0" args=["stream-transform@^0.1.0",null]
118 verbose parsed url { pathname: 'stream-transform@^0.1.0',
118 verbose parsed url   path: 'stream-transform@^0.1.0',
118 verbose parsed url   href: 'stream-transform@^0.1.0' }
119 verbose cache add name="stream-transform" spec="^0.1.0" args=["stream-transform","^0.1.0"]
120 verbose parsed url { pathname: '^0.1.0', path: '^0.1.0', href: '^0.1.0' }
121 verbose addNamed [ 'stream-transform', '^0.1.0' ]
122 verbose addNamed [ null, null ]
123 silly lockFile 634305ca-stream-transform-0-1-0 stream-transform@^0.1.0
124 verbose lock stream-transform@^0.1.0 C:\Users\Ramesh\AppData\Roaming\npm-cache\634305ca-stream-transform-0-1-0.lock
125 verbose cache add [ 'csv-stringify@^1.0.0', null ]
126 verbose cache add name=undefined spec="csv-stringify@^1.0.0" args=["csv-stringify@^1.0.0",null]
127 verbose parsed url { pathname: 'csv-stringify@^1.0.0',
127 verbose parsed url   path: 'csv-stringify@^1.0.0',
127 verbose parsed url   href: 'csv-stringify@^1.0.0' }
128 verbose cache add name="csv-stringify" spec="^1.0.0" args=["csv-stringify","^1.0.0"]
129 verbose parsed url { pathname: '^1.0.0', path: '^1.0.0', href: '^1.0.0' }
130 verbose addNamed [ 'csv-stringify', '^1.0.0' ]
131 verbose addNamed [ null, null ]
132 silly lockFile feb13d96-csv-stringify-1-0-0 csv-stringify@^1.0.0
133 verbose lock csv-stringify@^1.0.0 C:\Users\Ramesh\AppData\Roaming\npm-cache\feb13d96-csv-stringify-1-0-0.lock
134 info addNameTag [ 'csv-generate', '^1.0.0' ]
135 info addNameTag [ 'csv-parse', '^1.1.0' ]
136 info addNameTag [ 'stream-transform', '^0.1.0' ]
137 info addNameTag [ 'csv-stringify', '^1.0.0' ]
138 verbose url raw csv-generate
139 verbose url resolving [ 'https://registry.npmjs.org/', './csv-generate' ]
140 verbose url resolved https://registry.npmjs.org/csv-generate
141 info trying registry request attempt 1 at 15:41:59
142 verbose etag "56152bb3-2b43"
143 http GET https://registry.npmjs.org/csv-generate
144 verbose url raw csv-parse
145 verbose url resolving [ 'https://registry.npmjs.org/', './csv-parse' ]
146 verbose url resolved https://registry.npmjs.org/csv-parse
147 info trying registry request attempt 1 at 15:41:59
148 verbose etag "579a0337-f343"
149 http GET https://registry.npmjs.org/csv-parse
150 verbose url raw stream-transform
151 verbose url resolving [ 'https://registry.npmjs.org/', './stream-transform' ]
152 verbose url resolved https://registry.npmjs.org/stream-transform
153 info trying registry request attempt 1 at 15:41:59
154 verbose etag "5626a6a6-2fa9"
155 http GET https://registry.npmjs.org/stream-transform
156 verbose url raw csv-stringify
157 verbose url resolving [ 'https://registry.npmjs.org/', './csv-stringify' ]
158 verbose url resolved https://registry.npmjs.org/csv-stringify
159 info trying registry request attempt 1 at 15:41:59
160 verbose etag "573394cc-42c4"
161 http GET https://registry.npmjs.org/csv-stringify
162 http 304 https://registry.npmjs.org/csv-generate
163 silly registry.get cb [ 304,
163 silly registry.get   { date: 'Wed, 23 Nov 2016 10:12:02 GMT',
163 silly registry.get     via: '1.1 varnish',
163 silly registry.get     'cache-control': 'max-age=300',
163 silly registry.get     etag: '"56152bb3-2b43"',
163 silly registry.get     age: '0',
163 silly registry.get     connection: 'keep-alive',
163 silly registry.get     'x-served-by': 'cache-sin6926-SIN',
163 silly registry.get     'x-cache': 'MISS',
163 silly registry.get     'x-cache-hits': '0',
163 silly registry.get     'x-timer': 'S1479895922.149875,VS0,VE103',
163 silly registry.get     vary: 'Accept-Encoding' } ]
164 verbose etag csv-generate from cache
165 silly lockFile 2ce8062f-csv-generate-1-0-0 csv-generate@^1.0.0
166 silly lockFile 2ce8062f-csv-generate-1-0-0 csv-generate@^1.0.0
167 verbose about to build D:\drupalonsteroids\node_modules\csv
168 info D:\drupalonsteroids\node_modules\csv unbuild
169 verbose from cache D:\drupalonsteroids\node_modules\csv\package.json
170 info preuninstall csv@1.1.0
171 info uninstall csv@1.1.0
172 verbose true,D:\drupalonsteroids\node_modules,D:\drupalonsteroids\node_modules unbuild csv@1.1.0
173 info postuninstall csv@1.1.0
174 error Error: No compatible version found: csv-generate@'^1.0.0'
174 error Valid install targets:
174 error ["0.0.0","0.0.1","0.0.2","0.0.3","0.0.4","0.0.5","0.0.6","1.0.0"]
174 error     at installTargetsError (C:\Program Files\nodejs\node_modules\npm\lib\cache.js:682:10)
174 error     at C:\Program Files\nodejs\node_modules\npm\lib\cache.js:597:10
174 error     at saved (C:\Program Files\nodejs\node_modules\npm\node_modules\npm-registry-client\lib\get.js:138:7)
174 error     at Object.oncomplete (fs.js:297:15)
175 error If you need help, you may report this log at:
175 error     <http://github.com/isaacs/npm/issues>
175 error or email it to:
175 error     <npm-@googlegroups.com>
176 error System Windows_NT 6.1.7601
177 error command "C:\\Program Files\\nodejs\\node.exe" "C:\\Program Files\\nodejs\\node_modules\\npm\\bin\\npm-cli.js" "install" "csv"
178 error cwd D:\drupalonsteroids
179 error node -v v0.8.22
180 error npm -v 1.2.14
181 verbose exit [ 1, true ]
